2024-07-16T21:13:46.118-03:00  INFO 16428 --- [main] c.a.b.r.impl.TicketRepositoryImplTest    : Starting TicketRepositoryImplTest using Java 17.0.10 with PID 16428 (started by Pichau in C:\Users\Pichau\Documents\Projects\bingo-online\bingo-online)
2024-07-16T21:13:46.124-03:00  INFO 16428 --- [main] c.a.b.r.impl.TicketRepositoryImplTest    : No active profile set, falling back to 1 default profile: "default"
2024-07-16T21:13:46.849-03:00  INFO 16428 --- [main] .s.d.r.c.RepositoryConfigurationDelegate : Bootstrapping Spring Data JPA repositories in DEFAULT mode.
2024-07-16T21:13:46.979-03:00  INFO 16428 --- [main] .s.d.r.c.RepositoryConfigurationDelegate : Finished Spring Data repository scanning in 117 ms. Found 5 JPA repository interfaces.
2024-07-16T21:13:47.056-03:00  INFO 16428 --- [main] beddedDataSourceBeanFactoryPostProcessor : Replacing 'dataSource' DataSource bean with embedded version
2024-07-16T21:13:47.278-03:00  INFO 16428 --- [main] o.s.j.d.e.EmbeddedDatabaseFactory        : Starting embedded database: url='jdbc:h2:mem:c0fb4efd-b5de-43e2-8348-c03306374101;DB_CLOSE_DELAY=-1;DB_CLOSE_ON_EXIT=false', username='sa'
2024-07-16T21:13:47.808-03:00  INFO 16428 --- [main] o.hibernate.jpa.internal.util.LogHelper  : HHH000204: Processing PersistenceUnitInfo [name: default]
2024-07-16T21:13:47.974-03:00  INFO 16428 --- [main] org.hibernate.Version                    : HHH000412: Hibernate ORM core version 6.4.4.Final
2024-07-16T21:13:48.037-03:00  INFO 16428 --- [main] o.h.c.internal.RegionFactoryInitiator    : HHH000026: Second-level cache disabled
2024-07-16T21:13:48.217-03:00  INFO 16428 --- [main] o.s.o.j.p.SpringPersistenceUnitInfo      : No LoadTimeWeaver setup: ignoring JPA class transformer
2024-07-16T21:13:49.504-03:00  INFO 16428 --- [main] o.h.e.t.j.p.i.JtaPlatformInitiator       : HHH000489: No JTA platform available (set 'hibernate.transaction.jta.platform' to enable JTA platform integration)
2024-07-16T21:13:49.579-03:00  INFO 16428 --- [main] j.LocalContainerEntityManagerFactoryBean : Initialized JPA EntityManagerFactory for persistence unit 'default'
2024-07-16T21:13:50.167-03:00  INFO 16428 --- [main] o.s.d.j.r.query.QueryEnhancerFactory     : Hibernate is in classpath; If applicable, HQL parser will be used.
2024-07-16T21:13:50.678-03:00  INFO 16428 --- [main] c.a.b.r.impl.TicketRepositoryImplTest    : Started TicketRepositoryImplTest in 5.047 seconds (process running for 7.239)
2024-07-16T21:13:51.044-03:00  INFO 16428 --- [main] t.c.s.AnnotationConfigContextLoaderUtils : Could not detect default configuration classes for test class [com.app.bingoonline.ticket.factory.impl.GFactoryImplTest]: GFactoryImplTest does not declare any static, non-private, non-final, nested classes annotated with @Configuration.
2024-07-16T21:13:51.070-03:00  INFO 16428 --- [main] t.c.s.AnnotationConfigContextLoaderUtils : Could not detect default configuration classes for test class [com.app.bingoonline.ticket.factory.impl.BFactoryImplTest]: BFactoryImplTest does not declare any static, non-private, non-final, nested classes annotated with @Configuration.
2024-07-16T21:13:51.111-03:00  INFO 16428 --- [main] t.c.s.AnnotationConfigContextLoaderUtils : Could not detect default configuration classes for test class [com.app.bingoonline.ticket.factory.impl.NFactoryImplTest]: NFactoryImplTest does not declare any static, non-private, non-final, nested classes annotated with @Configuration.
2024-07-16T21:13:51.139-03:00  INFO 16428 --- [main] t.c.s.AnnotationConfigContextLoaderUtils : Could not detect default configuration classes for test class [com.app.bingoonline.repository.impl.ContestRepositoryImplTest]: ContestRepositoryImplTest does not declare any static, non-private, non-final, nested classes annotated with @Configuration.
2024-07-16T21:13:51.161-03:00  INFO 16428 --- [main] .b.t.c.SpringBootTestContextBootstrapper : Found @SpringBootConfiguration com.app.bingoonline.BingoOnlineApplication for test class com.app.bingoonline.repository.impl.ContestRepositoryImplTest
2024-07-16T21:13:51.219-03:00  INFO 16428 --- [main] t.c.s.AnnotationConfigContextLoaderUtils : Could not detect default configuration classes for test class [com.app.bingoonline.ticket.factory.impl.IFactoryImplTest]: IFactoryImplTest does not declare any static, non-private, non-final, nested classes annotated with @Configuration.
2024-07-16T21:13:51.242-03:00  INFO 16428 --- [main] t.c.s.AnnotationConfigContextLoaderUtils : Could not detect default configuration classes for test class [com.app.bingoonline.ticket.factory.impl.OFactoryImplTest]: OFactoryImplTest does not declare any static, non-private, non-final, nested classes annotated with @Configuration.
2024-07-16T21:13:51.269-03:00  INFO 16428 --- [main] t.c.s.AnnotationConfigContextLoaderUtils : Could not detect default configuration classes for test class [com.app.bingoonline.service.impl.ContestServiceImplTest]: ContestServiceImplTest does not declare any static, non-private, non-final, nested classes annotated with @Configuration.
2024-07-16T21:13:51.797-03:00  INFO 16428 --- [SpringApplicationShutdownHook] j.LocalContainerEntityManagerFactoryBean : Closing JPA EntityManagerFactory for persistence unit 'default'
